[2019-03-25 21:09:42,466] >>> Opened file L13 Multi-objective-optimisation-Intro-2019-03-11T19_05_04.668Z-2019-03-11T19:18:29.639Z.pdf for booking 5c966669a13f220010abae37
[2019-03-25 21:09:42,471] >>> Opened file Square Poster Draft-2019-03-22T17:35:28.922Z.pdf for booking 5c966669a13f220010abae37
[2019-03-25 21:09:42,475] >>> Opened file introduction.fluid.mech-2019-03-11T18:54:58.246Z.pdf for booking 5c966669a13f220010abae37
[2019-03-25 21:09:42,484] >>> Opened file TaylorTravisS-IntroductiontoRocketScienceandEngineering-CRCPress2009-2019-03-11T18:54:56.664Z.pdf for booking 5c966669a13f220010abae37
[2019-03-25 21:09:55,255] >>> Opened file L13 Multi-objective-optimisation-Intro-2019-03-11T19_05_04.668Z-2019-03-11T19:18:29.639Z.pdf for booking 5c966669a13f220010abae37
[2019-03-25 21:09:55,260] >>> Opened file Square Poster Draft-2019-03-22T17:35:28.922Z.pdf for booking 5c966669a13f220010abae37
[2019-03-25 21:09:55,265] >>> Opened file introduction.fluid.mech-2019-03-11T18:54:58.246Z.pdf for booking 5c966669a13f220010abae37
[2019-03-25 21:09:55,270] >>> Opened file TaylorTravisS-IntroductiontoRocketScienceandEngineering-CRCPress2009-2019-03-11T18:54:56.664Z.pdf for booking 5c966669a13f220010abae37
[2019-03-25 21:30:30,212] >>> 5c99463029946600178b7148 has not had its files loaded yet!
[2019-03-25 21:58:36,325] >>> 5c99463029946600178b7148 has not had its files loaded yet!
[2019-03-25 22:01:35,010] >>> Opened file Square Poster Draft-2019-03-22T17:35:28.922Z.pdf for booking 5c99490429946600178b7149
[2019-03-25 22:01:35,018] >>> Opened file introduction.fluid.mech-2019-03-11T18:54:58.246Z.pdf for booking 5c99490429946600178b7149
[2019-03-25 22:01:35,023] >>> Opened file TaylorTravisS-IntroductiontoRocketScienceandEngineering-CRCPress2009-2019-03-11T18:54:56.664Z.pdf for booking 5c99490429946600178b7149
[2019-03-25 22:04:33,551] >>> Opened file Square Poster Draft-2019-03-22T17:35:28.922Z.pdf for booking 5c99490429946600178b7149
[2019-03-25 22:04:33,557] >>> Opened file introduction.fluid.mech-2019-03-11T18:54:58.246Z.pdf for booking 5c99490429946600178b7149
[2019-03-25 22:04:33,563] >>> Opened file TaylorTravisS-IntroductiontoRocketScienceandEngineering-CRCPress2009-2019-03-11T18:54:56.664Z.pdf for booking 5c99490429946600178b7149
[2019-03-25 22:07:02,875] >>> Opened file Square Poster Draft-2019-03-22T17:35:28.922Z.pdf for booking 5c99490429946600178b7149
[2019-03-25 22:07:02,880] >>> Opened file introduction.fluid.mech-2019-03-11T18:54:58.246Z.pdf for booking 5c99490429946600178b7149
[2019-03-25 22:07:02,888] >>> Opened file TaylorTravisS-IntroductiontoRocketScienceandEngineering-CRCPress2009-2019-03-11T18:54:56.664Z.pdf for booking 5c99490429946600178b7149
[2019-03-25 22:07:24,981] >>> Opened file Square Poster Draft-2019-03-22T17:35:28.922Z.pdf for booking 5c99490429946600178b7149
[2019-03-25 22:07:24,986] >>> Opened file introduction.fluid.mech-2019-03-11T18:54:58.246Z.pdf for booking 5c99490429946600178b7149
[2019-03-25 22:07:24,992] >>> Opened file TaylorTravisS-IntroductiontoRocketScienceandEngineering-CRCPress2009-2019-03-11T18:54:56.664Z.pdf for booking 5c99490429946600178b7149
[2019-03-25 22:13:23,986] >>> Opened file Square Poster Draft-2019-03-22T17:35:28.922Z.pdf for booking 5c99490429946600178b7149
[2019-03-25 22:13:23,991] >>> Opened file introduction.fluid.mech-2019-03-11T18:54:58.246Z.pdf for booking 5c99490429946600178b7149
[2019-03-25 22:13:23,996] >>> Opened file TaylorTravisS-IntroductiontoRocketScienceandEngineering-CRCPress2009-2019-03-11T18:54:56.664Z.pdf for booking 5c99490429946600178b7149
