[2019-03-19 19:42:37,143] ['logs', 'temp', '.git']
[2019-03-19 19:43:32,306] ['5c90ea482119230017a62c59', '5c90ceb62119230017a62c58', '5c91403e2119230017a62c5a']
[2019-03-20 09:53:33,922] >>> Removed file with booking ID: 5c90ea482119230017a62c59
[2019-03-20 09:53:33,927] >>> Removed file with booking ID: 5c90ceb62119230017a62c58
[2019-03-20 09:53:33,931] >>> Removed file with booking ID: 5c91403e2119230017a62c5a
[2019-03-20 10:21:25,906] >>> Removed file with booking ID: 5c920c812119230017a62c5b
[2019-03-20 10:28:07,485] >>> No ongoing bookings
[2019-03-20 12:05:02,040] >>> Removing old booking files
[2019-03-20 12:05:02,045] >>> Removed file with booking ID: 5c9213be2119230017a62c5c
[2019-03-20 12:15:01,390] >>> Removing old booking files
[2019-03-20 12:20:01,789] >>> Removing old booking files
[2019-03-20 12:20:01,795] >>> Removed file with booking ID: 5c9213be2119230017a62c5c
[2019-03-20 13:05:01,885] >>> Removing old booking files
[2019-03-20 14:05:01,600] >>> Removing old booking files
[2019-03-20 15:05:01,457] >>> Removing old booking files
[2019-03-20 16:05:02,263] >>> Removing old booking files
[2019-03-20 17:05:02,090] >>> Removing old booking files
[2019-03-20 18:05:01,849] >>> Removing old booking files
[2019-03-20 19:05:01,607] >>> Removing old booking files
[2019-03-20 20:05:01,364] >>> Removing old booking files
[2019-03-20 21:05:01,989] >>> Removing old booking files
[2019-03-20 22:05:01,850] >>> Removing old booking files
[2019-03-20 23:05:01,789] >>> Removing old booking files
[2019-03-21 00:05:01,498] >>> Removing old booking files
[2019-03-21 01:05:01,351] >>> Removing old booking files
[2019-03-21 02:05:02,082] >>> Removing old booking files
[2019-03-21 03:05:01,852] >>> Removing old booking files
[2019-03-21 04:05:01,904] >>> Removing old booking files
[2019-03-21 05:05:01,704] >>> Removing old booking files
[2019-03-21 06:05:01,473] >>> Removing old booking files
[2019-03-21 07:05:01,605] >>> Removing old booking files
[2019-03-21 08:05:01,446] >>> Removing old booking files
[2019-03-21 09:05:02,153] >>> Removing old booking files
[2019-03-21 10:00:48,598] >>> Removing old booking files
[2019-03-21 10:05:01,879] >>> Removing old booking files
[2019-03-21 11:05:02,202] >>> Removing old booking files
[2019-03-21 12:05:01,843] >>> Removing old booking files
[2019-03-21 13:05:02,044] >>> Removing old booking files
[2019-03-21 14:05:02,596] >>> Removing old booking files
[2019-03-21 14:05:02,616] >>> Removed file with booking ID: 5c9229d22119230017a62c5d
[2019-03-21 15:05:01,558] >>> Removing old booking files
[2019-03-21 16:05:02,002] >>> Removing old booking files
[2019-03-21 17:05:01,666] >>> Removing old booking files
[2019-03-21 18:05:01,573] >>> Removing old booking files
[2019-03-21 19:05:01,376] >>> Removing old booking files
[2019-03-21 20:05:01,295] >>> Removing old booking files
[2019-03-21 21:05:01,271] >>> Removing old booking files
[2019-03-21 21:05:01,294] >>> Removed file with booking ID: 5c93f119a13f220010abae2d
[2019-03-21 21:05:01,296] >>> Removed file with booking ID: 5c925323f154df0010c4ad5a
[2019-03-21 22:05:01,540] >>> Removing old booking files
[2019-03-21 23:05:02,318] >>> Removing old booking files
[2019-03-21 23:05:02,344] >>> Removed file with booking ID: 5c93fb81a13f220010abae2e
[2019-03-22 00:05:01,595] >>> Removing old booking files
[2019-03-22 00:05:01,605] >>> Removed file with booking ID: 5c9409f4a13f220010abae30
[2019-03-22 01:05:02,040] >>> Removing old booking files
[2019-03-22 02:05:01,501] >>> Removing old booking files
[2019-03-22 03:05:01,386] >>> Removing old booking files
[2019-03-22 04:05:01,378] >>> Removing old booking files
[2019-03-22 05:05:02,298] >>> Removing old booking files
[2019-03-22 06:05:01,366] >>> Removing old booking files
[2019-03-22 07:05:01,512] >>> Removing old booking files
[2019-03-22 08:05:02,337] >>> Removing old booking files
[2019-03-22 09:05:01,462] >>> Removing old booking files
[2019-03-22 10:05:01,359] >>> Removing old booking files
[2019-03-22 10:05:01,360] >>> No ongoing bookings
[2019-03-22 11:05:02,284] >>> Removing old bookin[2019-03-22 16:05:01,499] >>> Removing old booking files
[2019-03-22 17:05:01,847] >>> Removing old booking files
[2019-03-22 17:05:01,879] >>> Removed file with booking ID: 5c9507b2a13f220010abae33
[2019-03-22 17:05:01,881] >>> Removed file with booking ID: 5c950581a13f220010abae32
[2019-03-22 18:05:01,484] >>> Removing old booking files
[2019-03-22 19:05:02,255] >>> Removing old booking files
[2019-03-22 20:05:02,081] >>> Removing old booking files
[2019-03-22 21:05:01,886] >>> Removing old booking files
[2019-03-22 22:05:01,625] >>> Removing old booking files
[2019-03-22 23:05:01,404] >>> Removing old booking files
[2019-03-23 00:05:02,163] >>> Removing old booking files
[2019-03-23 01:05:01,906] >>> Removing old booking files
[2019-03-23 02:05:01,713] >>> Removing old booking files
[2019-03-23 03:05:01,458] >>> Removing old booking files
[2019-03-23 04:05:02,203] >>> Removing old booking files
[2019-03-23 05:05:01,959] >>> Removing old booking files
[2019-03-23 06:05:01,682] >>> Removing old booking files
[2019-03-23 07:05:01,715] >>> Removing old booking files
[2019-03-23 08:05:01,429] >>> Removing old booking files
[2019-03-23 09:05:02,203] >>> Removing old booking files
[2019-03-23 10:05:02,027] >>> Removing old booking files
[2019-03-23 11:05:01,816] >>> Removing old booking files
[2019-03-23 12:05:01,543] >>> Removing old booking files
[2019-03-23 13:05:01,339] >>> Removing old booking files
[2019-03-23 14:05:02,274] >>> Removing old booking files
[2019-03-23 15:05:02,110] >>> Removing old booking files
[2019-03-23 16:05:01,786] >>> Removing old booking files
[2019-03-23 16:05:01,815] >>> Removed file with booking ID: 5c9514dea13f220010abae34
